timestamp: 2011-05-14T22:13:47.584056
CREATE TABLE auth_user(
    id INTEGER PRIMARY KEY AUTOINCREMENT,
    first_name CHAR(128),
    last_name CHAR(128),
    email CHAR(512),
    password CHAR(512),
    registration_key CHAR(512),
    reset_password_key CHAR(512)
);
success!
timestamp: 2011-05-14T22:13:47.713041
CREATE TABLE auth_group(
    id INTEGER PRIMARY KEY AUTOINCREMENT,
    role CHAR(512),
    description TEXT
);
success!
timestamp: 2011-05-14T22:13:47.795187
CREATE TABLE auth_membership(
    id INTEGER PRIMARY KEY AUTOINCREMENT,
    user_id INTEGER REFERENCES auth_user(id) ON DELETE CASCADE,
    group_id INTEGER REFERENCES auth_group(id) ON DELETE CASCADE
);
success!
timestamp: 2011-05-14T22:13:47.927018
CREATE TABLE auth_permission(
    id INTEGER PRIMARY KEY AUTOINCREMENT,
    group_id INTEGER REFERENCES auth_group(id) ON DELETE CASCADE,
    name CHAR(512),
    table_name CHAR(512),
    record_id INTEGER
);
success!
timestamp: 2011-05-14T22:13:48.006951
CREATE TABLE auth_event(
    id INTEGER PRIMARY KEY AUTOINCREMENT,
    time_stamp TIMESTAMP,
    client_ip CHAR(512),
    user_id INTEGER REFERENCES auth_user(id) ON DELETE CASCADE,
    origin CHAR(512),
    description TEXT
);
success!
timestamp: 2011-05-14T22:14:05.239697
CREATE TABLE categoria(
    id INTEGER PRIMARY KEY AUTOINCREMENT,
    title CHAR(512),
    slug CHAR(512),
    actualizado TIMESTAMP,
    is_active CHAR(1),
    created_on TIMESTAMP,
    created_by INTEGER REFERENCES auth_user(id) ON DELETE CASCADE,
    modified_on TIMESTAMP,
    modified_by INTEGER REFERENCES auth_user(id) ON DELETE CASCADE
);
success!
timestamp: 2011-05-14T22:14:05.424182
CREATE TABLE feed(
    id INTEGER PRIMARY KEY AUTOINCREMENT,
    categoria INTEGER REFERENCES categoria(id) ON DELETE CASCADE,
    title CHAR(512),
    description TEXT,
    link CHAR(512),
    is_active CHAR(1),
    created_on TIMESTAMP,
    created_by INTEGER REFERENCES auth_user(id) ON DELETE CASCADE,
    modified_on TIMESTAMP,
    modified_by INTEGER REFERENCES auth_user(id) ON DELETE CASCADE
);
success!
timestamp: 2011-05-14T22:14:05.524115
CREATE TABLE feed_categoria(
    id INTEGER PRIMARY KEY AUTOINCREMENT,
    feed INTEGER REFERENCES feed(id) ON DELETE CASCADE,
    categoria INTEGER REFERENCES categoria(id) ON DELETE CASCADE,
    is_active CHAR(1),
    created_on TIMESTAMP,
    created_by INTEGER REFERENCES auth_user(id) ON DELETE CASCADE,
    modified_on TIMESTAMP,
    modified_by INTEGER REFERENCES auth_user(id) ON DELETE CASCADE
);
success!
timestamp: 2011-05-14T22:14:05.646516
CREATE TABLE noticia(
    id INTEGER PRIMARY KEY AUTOINCREMENT,
    title CHAR(512),
    slug CHAR(512),
    link CHAR(512),
    description TEXT,
    feed INTEGER REFERENCES feed(id) ON DELETE CASCADE,
    updated TIMESTAMP,
    shorturl CHAR(512),
    is_active CHAR(1),
    created_on TIMESTAMP,
    created_by INTEGER REFERENCES auth_user(id) ON DELETE CASCADE,
    modified_on TIMESTAMP,
    modified_by INTEGER REFERENCES auth_user(id) ON DELETE CASCADE
);
success!
timestamp: 2011-05-14T22:14:05.776336
CREATE TABLE plugin_wiki_page(
    id INTEGER PRIMARY KEY AUTOINCREMENT,
    slug CHAR(512),
    title CHAR(512),
    is_public CHAR(1),
    body TEXT,
    role INTEGER REFERENCES auth_group(id) ON DELETE CASCADE,
    changelog CHAR(512),
    is_active CHAR(1),
    created_on TIMESTAMP,
    created_by INTEGER REFERENCES auth_user(id) ON DELETE CASCADE,
    modified_on TIMESTAMP,
    modified_by INTEGER REFERENCES auth_user(id) ON DELETE CASCADE
);
success!
timestamp: 2011-05-14T22:14:05.847375
CREATE TABLE plugin_wiki_page_archive(
    id INTEGER PRIMARY KEY AUTOINCREMENT,
    current_record INTEGER REFERENCES plugin_wiki_page(id) ON DELETE CASCADE,
    slug CHAR(512),
    title CHAR(512),
    is_public CHAR(1),
    body TEXT,
    role INTEGER REFERENCES auth_group(id) ON DELETE CASCADE,
    changelog CHAR(512),
    is_active CHAR(1),
    created_on TIMESTAMP,
    created_by INTEGER REFERENCES auth_user(id) ON DELETE CASCADE,
    modified_on TIMESTAMP,
    modified_by INTEGER REFERENCES auth_user(id) ON DELETE CASCADE
);
success!
timestamp: 2011-05-14T22:14:05.960609
CREATE TABLE plugin_wiki_attachment(
    id INTEGER PRIMARY KEY AUTOINCREMENT,
    tablename CHAR(512),
    record_id INTEGER,
    name CHAR(512),
    filename CHAR(512),
    is_active CHAR(1),
    created_on TIMESTAMP,
    created_by INTEGER REFERENCES auth_user(id) ON DELETE CASCADE,
    modified_on TIMESTAMP,
    modified_by INTEGER REFERENCES auth_user(id) ON DELETE CASCADE
);
success!
timestamp: 2011-05-14T22:14:06.058352
CREATE TABLE plugin_wiki_comment(
    id INTEGER PRIMARY KEY AUTOINCREMENT,
    tablename CHAR(512),
    record_id INTEGER,
    body CHAR(512),
    is_active CHAR(1),
    created_on TIMESTAMP,
    created_by INTEGER REFERENCES auth_user(id) ON DELETE CASCADE,
    modified_on TIMESTAMP,
    modified_by INTEGER REFERENCES auth_user(id) ON DELETE CASCADE
);
success!
timestamp: 2011-05-14T22:14:06.174372
CREATE TABLE plugin_wiki_tag(
    id INTEGER PRIMARY KEY AUTOINCREMENT,
    name CHAR(512),
    links INTEGER,
    is_active CHAR(1),
    created_on TIMESTAMP,
    created_by INTEGER REFERENCES auth_user(id) ON DELETE CASCADE,
    modified_on TIMESTAMP,
    modified_by INTEGER REFERENCES auth_user(id) ON DELETE CASCADE
);
success!
timestamp: 2011-05-14T22:14:06.263351
CREATE TABLE plugin_wiki_link(
    id INTEGER PRIMARY KEY AUTOINCREMENT,
    tag INTEGER REFERENCES plugin_wiki_tag(id) ON DELETE CASCADE,
    table_name CHAR(512),
    record_id INTEGER
);
success!
timestamp: 2011-05-14T22:14:06.352178
CREATE TABLE plugin_wiki_rating(
    id INTEGER PRIMARY KEY AUTOINCREMENT,
    tablename CHAR(512),
    record_id INTEGER,
    rating DOUBLE,
    counter INTEGER
);
success!
timestamp: 2011-05-14T22:14:06.465909
CREATE TABLE plugin_wiki_rating_aux(
    id INTEGER PRIMARY KEY AUTOINCREMENT,
    master INTEGER REFERENCES plugin_wiki_rating(id) ON DELETE CASCADE,
    rating DOUBLE,
    created_by INTEGER REFERENCES auth_user(id) ON DELETE CASCADE
);
success!
DELETE FROM noticia;
DELETE FROM sqlite_sequence WHERE name='noticia';
success!
DELETE FROM noticia;
DELETE FROM sqlite_sequence WHERE name='noticia';
success!
DELETE FROM noticia;
DELETE FROM sqlite_sequence WHERE name='noticia';
success!
DELETE FROM noticia;
DELETE FROM sqlite_sequence WHERE name='noticia';
success!
DELETE FROM noticia;
DELETE FROM sqlite_sequence WHERE name='noticia';
success!
timestamp: 2011-05-19T03:19:31.786191
CREATE TABLE auth_user(
    id SERIAL PRIMARY KEY,
    first_name VARCHAR(128),
    last_name VARCHAR(128),
    email VARCHAR(512),
    password VARCHAR(512),
    registration_key VARCHAR(512),
    reset_password_key VARCHAR(512)
);
success!
timestamp: 2011-05-19T03:19:31.883915
CREATE TABLE auth_group(
    id SERIAL PRIMARY KEY,
    role VARCHAR(512),
    description TEXT
);
success!
timestamp: 2011-05-19T03:19:31.920714
CREATE TABLE auth_membership(
    id SERIAL PRIMARY KEY,
    user_id INTEGER REFERENCES auth_user(id) ON DELETE CASCADE,
    group_id INTEGER REFERENCES auth_group(id) ON DELETE CASCADE
);
success!
timestamp: 2011-05-19T03:19:31.952470
CREATE TABLE auth_permission(
    id SERIAL PRIMARY KEY,
    group_id INTEGER REFERENCES auth_group(id) ON DELETE CASCADE,
    name VARCHAR(512),
    table_name VARCHAR(512),
    record_id INTEGER
);
success!
timestamp: 2011-05-19T03:19:31.976811
CREATE TABLE auth_event(
    id SERIAL PRIMARY KEY,
    time_stamp TIMESTAMP,
    client_ip VARCHAR(512),
    user_id INTEGER REFERENCES auth_user(id) ON DELETE CASCADE,
    origin VARCHAR(512),
    description TEXT
);
success!
timestamp: 2011-05-19T03:19:31.993583
CREATE TABLE categoria(
    id SERIAL PRIMARY KEY,
    title VARCHAR(512),
    slug VARCHAR(512),
    actualizado TIMESTAMP,
    is_active CHAR(1),
    created_on TIMESTAMP,
    created_by INTEGER REFERENCES auth_user(id) ON DELETE CASCADE,
    modified_on TIMESTAMP,
    modified_by INTEGER REFERENCES auth_user(id) ON DELETE CASCADE
);
success!
timestamp: 2011-05-19T03:19:32.008521
CREATE TABLE feed(
    id SERIAL PRIMARY KEY,
    categoria INTEGER REFERENCES categoria(id) ON DELETE CASCADE,
    title VARCHAR(512),
    link VARCHAR(512),
    is_active CHAR(1),
    created_on TIMESTAMP,
    created_by INTEGER REFERENCES auth_user(id) ON DELETE CASCADE,
    modified_on TIMESTAMP,
    modified_by INTEGER REFERENCES auth_user(id) ON DELETE CASCADE
);
success!
timestamp: 2011-05-19T03:19:32.025836
CREATE TABLE feed_categoria(
    id SERIAL PRIMARY KEY,
    feed INTEGER REFERENCES feed(id) ON DELETE CASCADE,
    categoria INTEGER REFERENCES categoria(id) ON DELETE CASCADE,
    is_active CHAR(1),
    created_on TIMESTAMP,
    created_by INTEGER REFERENCES auth_user(id) ON DELETE CASCADE,
    modified_on TIMESTAMP,
    modified_by INTEGER REFERENCES auth_user(id) ON DELETE CASCADE
);
success!
timestamp: 2011-05-19T03:19:32.042285
CREATE TABLE noticia(
    id SERIAL PRIMARY KEY,
    title VARCHAR(512),
    slug VARCHAR(512),
    link VARCHAR(512),
    description TEXT,
    feed INTEGER REFERENCES feed(id) ON DELETE CASCADE,
    updated TIMESTAMP,
    shorturl VARCHAR(512),
    is_active CHAR(1),
    created_on TIMESTAMP,
    created_by INTEGER REFERENCES auth_user(id) ON DELETE CASCADE,
    modified_on TIMESTAMP,
    modified_by INTEGER REFERENCES auth_user(id) ON DELETE CASCADE
);
success!
timestamp: 2011-05-19T03:19:32.091015
CREATE TABLE plugin_wiki_page(
    id SERIAL PRIMARY KEY,
    slug VARCHAR(512),
    title VARCHAR(512),
    is_public CHAR(1),
    body TEXT,
    role INTEGER REFERENCES auth_group(id) ON DELETE CASCADE,
    changelog VARCHAR(512),
    is_active CHAR(1),
    created_on TIMESTAMP,
    created_by INTEGER REFERENCES auth_user(id) ON DELETE CASCADE,
    modified_on TIMESTAMP,
    modified_by INTEGER REFERENCES auth_user(id) ON DELETE CASCADE
);
success!
timestamp: 2011-05-19T03:19:32.108401
CREATE TABLE plugin_wiki_page_archive(
    id SERIAL PRIMARY KEY,
    current_record INTEGER REFERENCES plugin_wiki_page(id) ON DELETE CASCADE,
    slug VARCHAR(512),
    title VARCHAR(512),
    is_public CHAR(1),
    body TEXT,
    role INTEGER REFERENCES auth_group(id) ON DELETE CASCADE,
    changelog VARCHAR(512),
    is_active CHAR(1),
    created_on TIMESTAMP,
    created_by INTEGER REFERENCES auth_user(id) ON DELETE CASCADE,
    modified_on TIMESTAMP,
    modified_by INTEGER REFERENCES auth_user(id) ON DELETE CASCADE
);
success!
timestamp: 2011-05-19T03:19:32.128943
CREATE TABLE plugin_wiki_attachment(
    id SERIAL PRIMARY KEY,
    tablename VARCHAR(512),
    record_id INTEGER,
    name VARCHAR(512),
    filename VARCHAR(512),
    is_active CHAR(1),
    created_on TIMESTAMP,
    created_by INTEGER REFERENCES auth_user(id) ON DELETE CASCADE,
    modified_on TIMESTAMP,
    modified_by INTEGER REFERENCES auth_user(id) ON DELETE CASCADE
);
success!
timestamp: 2011-05-19T03:19:32.145285
CREATE TABLE plugin_wiki_comment(
    id SERIAL PRIMARY KEY,
    tablename VARCHAR(512),
    record_id INTEGER,
    body VARCHAR(512),
    is_active CHAR(1),
    created_on TIMESTAMP,
    created_by INTEGER REFERENCES auth_user(id) ON DELETE CASCADE,
    modified_on TIMESTAMP,
    modified_by INTEGER REFERENCES auth_user(id) ON DELETE CASCADE
);
success!
timestamp: 2011-05-19T03:19:32.161997
CREATE TABLE plugin_wiki_tag(
    id SERIAL PRIMARY KEY,
    name VARCHAR(512),
    links INTEGER,
    is_active CHAR(1),
    created_on TIMESTAMP,
    created_by INTEGER REFERENCES auth_user(id) ON DELETE CASCADE,
    modified_on TIMESTAMP,
    modified_by INTEGER REFERENCES auth_user(id) ON DELETE CASCADE
);
success!
timestamp: 2011-05-19T03:19:32.194915
CREATE TABLE plugin_wiki_link(
    id SERIAL PRIMARY KEY,
    tag INTEGER REFERENCES plugin_wiki_tag(id) ON DELETE CASCADE,
    table_name VARCHAR(512),
    record_id INTEGER
);
success!
timestamp: 2011-05-19T03:19:32.232418
CREATE TABLE plugin_wiki_rating(
    id SERIAL PRIMARY KEY,
    tablename VARCHAR(512),
    record_id INTEGER,
    rating FLOAT8,
    counter INTEGER
);
success!
timestamp: 2011-05-19T03:19:32.247086
CREATE TABLE plugin_wiki_rating_aux(
    id SERIAL PRIMARY KEY,
    master INTEGER REFERENCES plugin_wiki_rating(id) ON DELETE CASCADE,
    rating FLOAT8,
    created_by INTEGER REFERENCES auth_user(id) ON DELETE CASCADE
);
success!
TRUNCATE TABLE categoria ;
TRUNCATE TABLE noticia ;
success!
TRUNCATE TABLE feed ;
TRUNCATE TABLE categoria ;
TRUNCATE TABLE feed ;
TRUNCATE TABLE categoria ;
TRUNCATE TABLE feed ;
timestamp: 2011-05-19T03:46:00.283463
CREATE TABLE auth_user(
    id INTEGER PRIMARY KEY AUTOINCREMENT,
    first_name CHAR(128),
    last_name CHAR(128),
    email CHAR(512),
    password CHAR(512),
    registration_key CHAR(512),
    reset_password_key CHAR(512)
);
success!
timestamp: 2011-05-19T03:46:00.290774
CREATE TABLE auth_group(
    id INTEGER PRIMARY KEY AUTOINCREMENT,
    role CHAR(512),
    description TEXT
);
success!
timestamp: 2011-05-19T03:46:00.296193
CREATE TABLE auth_membership(
    id INTEGER PRIMARY KEY AUTOINCREMENT,
    user_id INTEGER REFERENCES auth_user(id) ON DELETE CASCADE,
    group_id INTEGER REFERENCES auth_group(id) ON DELETE CASCADE
);
success!
timestamp: 2011-05-19T03:46:00.301419
CREATE TABLE auth_permission(
    id INTEGER PRIMARY KEY AUTOINCREMENT,
    group_id INTEGER REFERENCES auth_group(id) ON DELETE CASCADE,
    name CHAR(512),
    table_name CHAR(512),
    record_id INTEGER
);
success!
timestamp: 2011-05-19T03:46:00.306981
CREATE TABLE auth_event(
    id INTEGER PRIMARY KEY AUTOINCREMENT,
    time_stamp TIMESTAMP,
    client_ip CHAR(512),
    user_id INTEGER REFERENCES auth_user(id) ON DELETE CASCADE,
    origin CHAR(512),
    description TEXT
);
success!
timestamp: 2011-05-19T03:46:00.316141
CREATE TABLE categoria(
    id INTEGER PRIMARY KEY AUTOINCREMENT,
    title CHAR(512),
    slug CHAR(512),
    actualizado TIMESTAMP,
    is_active CHAR(1),
    created_on TIMESTAMP,
    created_by INTEGER REFERENCES auth_user(id) ON DELETE CASCADE,
    modified_on TIMESTAMP,
    modified_by INTEGER REFERENCES auth_user(id) ON DELETE CASCADE
);
success!
timestamp: 2011-05-19T03:46:00.323937
CREATE TABLE feed(
    id INTEGER PRIMARY KEY AUTOINCREMENT,
    categoria INTEGER REFERENCES categoria(id) ON DELETE CASCADE,
    title CHAR(512),
    link CHAR(512),
    is_active CHAR(1),
    created_on TIMESTAMP,
    created_by INTEGER REFERENCES auth_user(id) ON DELETE CASCADE,
    modified_on TIMESTAMP,
    modified_by INTEGER REFERENCES auth_user(id) ON DELETE CASCADE
);
success!
timestamp: 2011-05-19T03:46:00.330021
CREATE TABLE feed_categoria(
    id INTEGER PRIMARY KEY AUTOINCREMENT,
    feed INTEGER REFERENCES feed(id) ON DELETE CASCADE,
    categoria INTEGER REFERENCES categoria(id) ON DELETE CASCADE,
    is_active CHAR(1),
    created_on TIMESTAMP,
    created_by INTEGER REFERENCES auth_user(id) ON DELETE CASCADE,
    modified_on TIMESTAMP,
    modified_by INTEGER REFERENCES auth_user(id) ON DELETE CASCADE
);
success!
timestamp: 2011-05-19T03:46:00.337869
CREATE TABLE noticia(
    id INTEGER PRIMARY KEY AUTOINCREMENT,
    title CHAR(512),
    slug CHAR(512),
    link CHAR(512),
    description TEXT,
    feed INTEGER REFERENCES feed(id) ON DELETE CASCADE,
    updated TIMESTAMP,
    shorturl CHAR(512),
    is_active CHAR(1),
    created_on TIMESTAMP,
    created_by INTEGER REFERENCES auth_user(id) ON DELETE CASCADE,
    modified_on TIMESTAMP,
    modified_by INTEGER REFERENCES auth_user(id) ON DELETE CASCADE
);
success!
timestamp: 2011-05-19T03:46:00.368185
CREATE TABLE plugin_wiki_page(
    id INTEGER PRIMARY KEY AUTOINCREMENT,
    slug CHAR(512),
    title CHAR(512),
    is_public CHAR(1),
    body TEXT,
    role INTEGER REFERENCES auth_group(id) ON DELETE CASCADE,
    changelog CHAR(512),
    is_active CHAR(1),
    created_on TIMESTAMP,
    created_by INTEGER REFERENCES auth_user(id) ON DELETE CASCADE,
    modified_on TIMESTAMP,
    modified_by INTEGER REFERENCES auth_user(id) ON DELETE CASCADE
);
success!
timestamp: 2011-05-19T03:46:00.381294
CREATE TABLE plugin_wiki_page_archive(
    id INTEGER PRIMARY KEY AUTOINCREMENT,
    current_record INTEGER REFERENCES plugin_wiki_page(id) ON DELETE CASCADE,
    slug CHAR(512),
    title CHAR(512),
    is_public CHAR(1),
    body TEXT,
    role INTEGER REFERENCES auth_group(id) ON DELETE CASCADE,
    changelog CHAR(512),
    is_active CHAR(1),
    created_on TIMESTAMP,
    created_by INTEGER REFERENCES auth_user(id) ON DELETE CASCADE,
    modified_on TIMESTAMP,
    modified_by INTEGER REFERENCES auth_user(id) ON DELETE CASCADE
);
success!
timestamp: 2011-05-19T03:46:00.387456
CREATE TABLE plugin_wiki_attachment(
    id INTEGER PRIMARY KEY AUTOINCREMENT,
    tablename CHAR(512),
    record_id INTEGER,
    name CHAR(512),
    filename CHAR(512),
    is_active CHAR(1),
    created_on TIMESTAMP,
    created_by INTEGER REFERENCES auth_user(id) ON DELETE CASCADE,
    modified_on TIMESTAMP,
    modified_by INTEGER REFERENCES auth_user(id) ON DELETE CASCADE
);
success!
timestamp: 2011-05-19T03:46:00.393619
CREATE TABLE plugin_wiki_comment(
    id INTEGER PRIMARY KEY AUTOINCREMENT,
    tablename CHAR(512),
    record_id INTEGER,
    body CHAR(512),
    is_active CHAR(1),
    created_on TIMESTAMP,
    created_by INTEGER REFERENCES auth_user(id) ON DELETE CASCADE,
    modified_on TIMESTAMP,
    modified_by INTEGER REFERENCES auth_user(id) ON DELETE CASCADE
);
success!
timestamp: 2011-05-19T03:46:00.400374
CREATE TABLE plugin_wiki_tag(
    id INTEGER PRIMARY KEY AUTOINCREMENT,
    name CHAR(512),
    links INTEGER,
    is_active CHAR(1),
    created_on TIMESTAMP,
    created_by INTEGER REFERENCES auth_user(id) ON DELETE CASCADE,
    modified_on TIMESTAMP,
    modified_by INTEGER REFERENCES auth_user(id) ON DELETE CASCADE
);
success!
timestamp: 2011-05-19T03:46:00.405602
CREATE TABLE plugin_wiki_link(
    id INTEGER PRIMARY KEY AUTOINCREMENT,
    tag INTEGER REFERENCES plugin_wiki_tag(id) ON DELETE CASCADE,
    table_name CHAR(512),
    record_id INTEGER
);
success!
timestamp: 2011-05-19T03:46:00.410149
CREATE TABLE plugin_wiki_rating(
    id INTEGER PRIMARY KEY AUTOINCREMENT,
    tablename CHAR(512),
    record_id INTEGER,
    rating DOUBLE,
    counter INTEGER
);
success!
timestamp: 2011-05-19T03:46:00.415756
CREATE TABLE plugin_wiki_rating_aux(
    id INTEGER PRIMARY KEY AUTOINCREMENT,
    master INTEGER REFERENCES plugin_wiki_rating(id) ON DELETE CASCADE,
    rating DOUBLE,
    created_by INTEGER REFERENCES auth_user(id) ON DELETE CASCADE
);
success!
timestamp: 2011-05-19T07:56:39.980038
CREATE TABLE auth_user(
    id INT AUTO_INCREMENT NOT NULL,
    first_name VARCHAR(128),
    last_name VARCHAR(128),
    email VARCHAR(255),
    password VARCHAR(255),
    registration_key VARCHAR(255),
    reset_password_key VARCHAR(255),
    PRIMARY KEY(id)
) ENGINE=InnoDB CHARACTER SET utf8;
success!
timestamp: 2011-05-19T07:56:39.990973
CREATE TABLE auth_group(
    id INT AUTO_INCREMENT NOT NULL,
    role VARCHAR(255),
    description LONGTEXT,
    PRIMARY KEY(id)
) ENGINE=InnoDB CHARACTER SET utf8;
success!
timestamp: 2011-05-19T07:56:40.021334
CREATE TABLE auth_membership(
    id INT AUTO_INCREMENT NOT NULL,
    user_id INT, INDEX user_id__idx (user_id), FOREIGN KEY (user_id) REFERENCES auth_user(id) ON DELETE CASCADE,
    group_id INT, INDEX group_id__idx (group_id), FOREIGN KEY (group_id) REFERENCES auth_group(id) ON DELETE CASCADE,
    PRIMARY KEY(id)
) ENGINE=InnoDB CHARACTER SET utf8;
success!
timestamp: 2011-05-19T07:56:40.066797
CREATE TABLE auth_permission(
    id INT AUTO_INCREMENT NOT NULL,
    group_id INT, INDEX group_id__idx (group_id), FOREIGN KEY (group_id) REFERENCES auth_group(id) ON DELETE CASCADE,
    name VARCHAR(255),
    table_name VARCHAR(255),
    record_id INT,
    PRIMARY KEY(id)
) ENGINE=InnoDB CHARACTER SET utf8;
success!
timestamp: 2011-05-19T07:56:40.100265
CREATE TABLE auth_event(
    id INT AUTO_INCREMENT NOT NULL,
    time_stamp DATETIME,
    client_ip VARCHAR(255),
    user_id INT, INDEX user_id__idx (user_id), FOREIGN KEY (user_id) REFERENCES auth_user(id) ON DELETE CASCADE,
    origin VARCHAR(255),
    description LONGTEXT,
    PRIMARY KEY(id)
) ENGINE=InnoDB CHARACTER SET utf8;
success!
timestamp: 2011-05-19T07:56:40.114121
CREATE TABLE categoria(
    id INT AUTO_INCREMENT NOT NULL,
    title VARCHAR(255),
    slug VARCHAR(255),
    actualizado DATETIME,
    is_active CHAR(1),
    created_on DATETIME,
    created_by INT, INDEX created_by__idx (created_by), FOREIGN KEY (created_by) REFERENCES auth_user(id) ON DELETE CASCADE,
    modified_on DATETIME,
    modified_by INT, INDEX modified_by__idx (modified_by), FOREIGN KEY (modified_by) REFERENCES auth_user(id) ON DELETE CASCADE,
    PRIMARY KEY(id)
) ENGINE=InnoDB CHARACTER SET utf8;
success!
timestamp: 2011-05-19T07:56:40.156396
CREATE TABLE feed(
    id INT AUTO_INCREMENT NOT NULL,
    categoria INT, INDEX categoria__idx (categoria), FOREIGN KEY (categoria) REFERENCES categoria(id) ON DELETE CASCADE,
    title VARCHAR(255),
    link VARCHAR(255),
    is_active CHAR(1),
    created_on DATETIME,
    created_by INT, INDEX created_by__idx (created_by), FOREIGN KEY (created_by) REFERENCES auth_user(id) ON DELETE CASCADE,
    modified_on DATETIME,
    modified_by INT, INDEX modified_by__idx (modified_by), FOREIGN KEY (modified_by) REFERENCES auth_user(id) ON DELETE CASCADE,
    PRIMARY KEY(id)
) ENGINE=InnoDB CHARACTER SET utf8;
success!
timestamp: 2011-05-19T07:56:40.169260
CREATE TABLE feed_categoria(
    id INT AUTO_INCREMENT NOT NULL,
    feed INT, INDEX feed__idx (feed), FOREIGN KEY (feed) REFERENCES feed(id) ON DELETE CASCADE,
    categoria INT, INDEX categoria__idx (categoria), FOREIGN KEY (categoria) REFERENCES categoria(id) ON DELETE CASCADE,
    is_active CHAR(1),
    created_on DATETIME,
    created_by INT, INDEX created_by__idx (created_by), FOREIGN KEY (created_by) REFERENCES auth_user(id) ON DELETE CASCADE,
    modified_on DATETIME,
    modified_by INT, INDEX modified_by__idx (modified_by), FOREIGN KEY (modified_by) REFERENCES auth_user(id) ON DELETE CASCADE,
    PRIMARY KEY(id)
) ENGINE=InnoDB CHARACTER SET utf8;
success!
timestamp: 2011-05-19T07:56:40.213652
CREATE TABLE noticia(
    id INT AUTO_INCREMENT NOT NULL,
    title VARCHAR(255),
    slug VARCHAR(255),
    link VARCHAR(255),
    description LONGTEXT,
    feed INT, INDEX feed__idx (feed), FOREIGN KEY (feed) REFERENCES feed(id) ON DELETE CASCADE,
    updated DATETIME,
    shorturl VARCHAR(255),
    is_active CHAR(1),
    created_on DATETIME,
    created_by INT, INDEX created_by__idx (created_by), FOREIGN KEY (created_by) REFERENCES auth_user(id) ON DELETE CASCADE,
    modified_on DATETIME,
    modified_by INT, INDEX modified_by__idx (modified_by), FOREIGN KEY (modified_by) REFERENCES auth_user(id) ON DELETE CASCADE,
    PRIMARY KEY(id)
) ENGINE=InnoDB CHARACTER SET utf8;
success!
timestamp: 2011-05-19T07:56:40.249662
CREATE TABLE plugin_wiki_page(
    id INT AUTO_INCREMENT NOT NULL,
    slug VARCHAR(255),
    title VARCHAR(255),
    is_public CHAR(1),
    body LONGTEXT,
    role INT, INDEX role__idx (role), FOREIGN KEY (role) REFERENCES auth_group(id) ON DELETE CASCADE,
    changelog VARCHAR(255),
    is_active CHAR(1),
    created_on DATETIME,
    created_by INT, INDEX created_by__idx (created_by), FOREIGN KEY (created_by) REFERENCES auth_user(id) ON DELETE CASCADE,
    modified_on DATETIME,
    modified_by INT, INDEX modified_by__idx (modified_by), FOREIGN KEY (modified_by) REFERENCES auth_user(id) ON DELETE CASCADE,
    PRIMARY KEY(id)
) ENGINE=InnoDB CHARACTER SET utf8;
success!
timestamp: 2011-05-19T07:56:40.259430
CREATE TABLE plugin_wiki_page_archive(
    id INT AUTO_INCREMENT NOT NULL,
    current_record INT, INDEX current_record__idx (current_record), FOREIGN KEY (current_record) REFERENCES plugin_wiki_page(id) ON DELETE CASCADE,
    slug VARCHAR(255),
    title VARCHAR(255),
    is_public CHAR(1),
    body LONGTEXT,
    role INT, INDEX role__idx (role), FOREIGN KEY (role) REFERENCES auth_group(id) ON DELETE CASCADE,
    changelog VARCHAR(255),
    is_active CHAR(1),
    created_on DATETIME,
    created_by INT, INDEX created_by__idx (created_by), FOREIGN KEY (created_by) REFERENCES auth_user(id) ON DELETE CASCADE,
    modified_on DATETIME,
    modified_by INT, INDEX modified_by__idx (modified_by), FOREIGN KEY (modified_by) REFERENCES auth_user(id) ON DELETE CASCADE,
    PRIMARY KEY(id)
) ENGINE=InnoDB CHARACTER SET utf8;
success!
timestamp: 2011-05-19T07:56:40.293035
CREATE TABLE plugin_wiki_attachment(
    id INT AUTO_INCREMENT NOT NULL,
    tablename VARCHAR(255),
    record_id INT,
    name VARCHAR(255),
    filename VARCHAR(255),
    is_active CHAR(1),
    created_on DATETIME,
    created_by INT, INDEX created_by__idx (created_by), FOREIGN KEY (created_by) REFERENCES auth_user(id) ON DELETE CASCADE,
    modified_on DATETIME,
    modified_by INT, INDEX modified_by__idx (modified_by), FOREIGN KEY (modified_by) REFERENCES auth_user(id) ON DELETE CASCADE,
    PRIMARY KEY(id)
) ENGINE=InnoDB CHARACTER SET utf8;
success!
timestamp: 2011-05-19T07:56:40.322063
CREATE TABLE plugin_wiki_comment(
    id INT AUTO_INCREMENT NOT NULL,
    tablename VARCHAR(255),
    record_id INT,
    body VARCHAR(255),
    is_active CHAR(1),
    created_on DATETIME,
    created_by INT, INDEX created_by__idx (created_by), FOREIGN KEY (created_by) REFERENCES auth_user(id) ON DELETE CASCADE,
    modified_on DATETIME,
    modified_by INT, INDEX modified_by__idx (modified_by), FOREIGN KEY (modified_by) REFERENCES auth_user(id) ON DELETE CASCADE,
    PRIMARY KEY(id)
) ENGINE=InnoDB CHARACTER SET utf8;
success!
timestamp: 2011-05-19T07:56:40.369595
CREATE TABLE plugin_wiki_tag(
    id INT AUTO_INCREMENT NOT NULL,
    name VARCHAR(255),
    links INT,
    is_active CHAR(1),
    created_on DATETIME,
    created_by INT, INDEX created_by__idx (created_by), FOREIGN KEY (created_by) REFERENCES auth_user(id) ON DELETE CASCADE,
    modified_on DATETIME,
    modified_by INT, INDEX modified_by__idx (modified_by), FOREIGN KEY (modified_by) REFERENCES auth_user(id) ON DELETE CASCADE,
    PRIMARY KEY(id)
) ENGINE=InnoDB CHARACTER SET utf8;
success!
timestamp: 2011-05-19T07:56:40.399268
CREATE TABLE plugin_wiki_link(
    id INT AUTO_INCREMENT NOT NULL,
    tag INT, INDEX tag__idx (tag), FOREIGN KEY (tag) REFERENCES plugin_wiki_tag(id) ON DELETE CASCADE,
    table_name VARCHAR(255),
    record_id INT,
    PRIMARY KEY(id)
) ENGINE=InnoDB CHARACTER SET utf8;
success!
timestamp: 2011-05-19T07:56:40.422749
CREATE TABLE plugin_wiki_rating(
    id INT AUTO_INCREMENT NOT NULL,
    tablename VARCHAR(255),
    record_id INT,
    rating DOUBLE,
    counter INT,
    PRIMARY KEY(id)
) ENGINE=InnoDB CHARACTER SET utf8;
success!
timestamp: 2011-05-19T07:56:40.458056
CREATE TABLE plugin_wiki_rating_aux(
    id INT AUTO_INCREMENT NOT NULL,
    master INT, INDEX master__idx (master), FOREIGN KEY (master) REFERENCES plugin_wiki_rating(id) ON DELETE CASCADE,
    rating DOUBLE,
    created_by INT, INDEX created_by__idx (created_by), FOREIGN KEY (created_by) REFERENCES auth_user(id) ON DELETE CASCADE,
    PRIMARY KEY(id)
) ENGINE=InnoDB CHARACTER SET utf8;
success!
TRUNCATE TABLE categoria ;
success!
timestamp: 2011-05-19T20:33:44.031952
ALTER TABLE categoria DROP COLUMN actualizado;
success!
timestamp: 2011-06-05T01:50:57.121792
CREATE TABLE auth_cas(
    id INT AUTO_INCREMENT NOT NULL,
    user_id INT, INDEX user_id__idx (user_id), FOREIGN KEY (user_id) REFERENCES auth_user(id) ON DELETE CASCADE,
    created_on DATETIME,
    url VARCHAR(255),
    uuid VARCHAR(255),
    PRIMARY KEY(id)
) ENGINE=InnoDB CHARACTER SET utf8;
timestamp: 2011-06-05T01:53:57.902457
CREATE TABLE auth_cas(
    id INT AUTO_INCREMENT NOT NULL,
    user_id INT, INDEX user_id__idx (user_id), FOREIGN KEY (user_id) REFERENCES auth_user(id) ON DELETE CASCADE,
    created_on DATETIME,
    url VARCHAR(255),
    uuid VARCHAR(255),
    PRIMARY KEY(id)
) ENGINE=InnoDB CHARACTER SET utf8;
timestamp: 2011-06-05T01:54:16.040941
CREATE TABLE auth_cas(
    id INT AUTO_INCREMENT NOT NULL,
    user_id INT, INDEX user_id__idx (user_id), FOREIGN KEY (user_id) REFERENCES auth_user(id) ON DELETE CASCADE,
    created_on DATETIME,
    url VARCHAR(255),
    uuid VARCHAR(255),
    PRIMARY KEY(id)
) ENGINE=InnoDB CHARACTER SET utf8;
timestamp: 2011-06-05T01:56:41.674066
CREATE TABLE auth_cas(
    id INT AUTO_INCREMENT NOT NULL,
    user_id INT, INDEX user_id__idx (user_id), FOREIGN KEY (user_id) REFERENCES auth_user(id) ON DELETE CASCADE,
    created_on DATETIME,
    url VARCHAR(255),
    uuid VARCHAR(255),
    PRIMARY KEY(id)
) ENGINE=InnoDB CHARACTER SET utf8;
timestamp: 2011-06-05T01:57:40.592508
CREATE TABLE auth_cas(
    id INT AUTO_INCREMENT NOT NULL,
    user_id INT, INDEX user_id__idx (user_id), FOREIGN KEY (user_id) REFERENCES auth_user(id) ON DELETE CASCADE,
    created_on DATETIME,
    url VARCHAR(255),
    uuid VARCHAR(255),
    PRIMARY KEY(id)
) ENGINE=InnoDB CHARACTER SET utf8;
timestamp: 2011-06-05T02:01:36.768567
CREATE TABLE auth_cas(
    id INT AUTO_INCREMENT NOT NULL,
    user_id INT, INDEX user_id__idx (user_id), FOREIGN KEY (user_id) REFERENCES auth_user(id) ON DELETE CASCADE,
    created_on DATETIME,
    url VARCHAR(255),
    uuid VARCHAR(255),
    PRIMARY KEY(id)
) ENGINE=InnoDB CHARACTER SET utf8;
timestamp: 2011-06-05T02:02:50.007293
CREATE TABLE auth_cas(
    id INT AUTO_INCREMENT NOT NULL,
    user_id INT, INDEX user_id__idx (user_id), FOREIGN KEY (user_id) REFERENCES auth_user(id) ON DELETE CASCADE,
    created_on DATETIME,
    url VARCHAR(255),
    uuid VARCHAR(255),
    PRIMARY KEY(id)
) ENGINE=InnoDB CHARACTER SET utf8;
timestamp: 2011-06-05T02:04:15.781062
CREATE TABLE auth_cas(
    id INT AUTO_INCREMENT NOT NULL,
    user_id INT, INDEX user_id__idx (user_id), FOREIGN KEY (user_id) REFERENCES auth_user(id) ON DELETE CASCADE,
    created_on DATETIME,
    url VARCHAR(255),
    uuid VARCHAR(255),
    PRIMARY KEY(id)
) ENGINE=InnoDB CHARACTER SET utf8;
timestamp: 2011-06-05T02:05:50.371654
CREATE TABLE auth_cas(
    id INT AUTO_INCREMENT NOT NULL,
    user_id INT, INDEX user_id__idx (user_id), FOREIGN KEY (user_id) REFERENCES auth_user(id) ON DELETE CASCADE,
    created_on DATETIME,
    url VARCHAR(255),
    uuid VARCHAR(255),
    PRIMARY KEY(id)
) ENGINE=InnoDB CHARACTER SET utf8;
timestamp: 2011-06-05T02:40:37.092745
CREATE TABLE auth_cas(
    id INT AUTO_INCREMENT NOT NULL,
    user_id INT, INDEX user_id__idx (user_id), FOREIGN KEY (user_id) REFERENCES auth_user(id) ON DELETE CASCADE,
    created_on DATETIME,
    url VARCHAR(255),
    uuid VARCHAR(255),
    PRIMARY KEY(id)
) ENGINE=InnoDB CHARACTER SET utf8;
faked!
timestamp: 2011-06-06T11:01:03.000508
ALTER TABLE categoria DROP COLUMN modified_by;
timestamp: 2011-07-17T20:34:28.760585
ALTER TABLE categoria ADD description LONGTEXT;
success!
timestamp: 2011-07-17T20:36:58.812939
ALTER TABLE feed ADD url VARCHAR(255);
success!
timestamp: 2011-07-17T20:55:49.629187
ALTER TABLE feed ADD source VARCHAR(255);
success!
timestamp: 2011-07-17T20:55:50.080168
ALTER TABLE feed DROP COLUMN url;
success!
timestamp: 2011-09-23T13:19:17.782519
CREATE TABLE auth_cas(
    id INTEGER PRIMARY KEY AUTOINCREMENT,
    user_id INTEGER REFERENCES auth_user(id) ON DELETE CASCADE,
    created_on TIMESTAMP,
    url CHAR(512),
    uuid CHAR(512)
);
success!
timestamp: 2011-09-23T13:19:17.899805
ALTER TABLE categoria ADD description TEXT;
timestamp: 2011-09-23T13:19:18.040025
ALTER TABLE feed ADD source CHAR(512);
